Using pre-set license
Built from '2020.3/staging' branch; Version is '2020.3.3f1 (76626098c1c4) revision 7758432'; Using compiler version '192528614'; Build Type 'Release'
OS: 'Windows 10 Home; OS build 19042.928; Version 2009; 64bit' Language: 'en' Physical Memory: 24524 MB
BatchMode: 1, IsHumanControllingUs: 0, StartBugReporterOnCrash: 0, Is64bit: 1, IsPro: 0

 COMMAND LINE ARGUMENTS:
C:\Program Files\Unity\Hub\Editor\2020.3.3f1\Editor\Unity.exe
-adb2
-batchMode
-noUpm
-name
AssetImportWorker0
-projectPath
C:/Users/whr5t/Desktop/GitRepos/LevelDesign_I/RobertsHenry_LD_P03
-logFile
Logs/AssetImportWorker0.log
-srvPort
53196
Successfully changed project path to: C:/Users/whr5t/Desktop/GitRepos/LevelDesign_I/RobertsHenry_LD_P03
C:/Users/whr5t/Desktop/GitRepos/LevelDesign_I/RobertsHenry_LD_P03
Using Asset Import Pipeline V2.
Refreshing native plugins compatible for Editor in 39.44 ms, found 0 plugins.
Preloading 0 native plugins for Editor in 0.00 ms.
Initialize engine version: 2020.3.3f1 (76626098c1c4)
[Subsystems] Discovering subsystems at path C:/Program Files/Unity/Hub/Editor/2020.3.3f1/Editor/Data/Resources/UnitySubsystems
[Subsystems] Discovering subsystems at path C:/Users/whr5t/Desktop/GitRepos/LevelDesign_I/RobertsHenry_LD_P03/Assets
GfxDevice: creating device client; threaded=0
Direct3D:
    Version:  Direct3D 11.0 [level 11.1]
    Renderer: NVIDIA GeForce RTX 2060 (ID=0x1f08)
    Vendor:   
    VRAM:     5980 MB
    Driver:   27.21.14.6089
Initialize mono
Mono path[0] = 'C:/Program Files/Unity/Hub/Editor/2020.3.3f1/Editor/Data/Managed'
Mono path[1] = 'C:/Program Files/Unity/Hub/Editor/2020.3.3f1/Editor/Data/MonoBleedingEdge/lib/mono/unityjit'
Mono config path = 'C:/Program Files/Unity/Hub/Editor/2020.3.3f1/Editor/Data/MonoBleedingEdge/etc'
Using monoOptions --debugger-agent=transport=dt_socket,embedding=1,server=y,suspend=n,address=127.0.0.1:56284
Begin MonoManager ReloadAssembly
Registering precompiled unity dll's ...
Register platform support module: C:/Program Files/Unity/Hub/Editor/2020.3.3f1/Editor/Data/PlaybackEngines/WindowsStandaloneSupport/UnityEditor.WindowsStandalone.Extensions.dll
Registered in 0.002327 seconds.
Native extension for WindowsStandalone target not found
Refreshing native plugins compatible for Editor in 38.78 ms, found 0 plugins.
Preloading 0 native plugins for Editor in 0.00 ms.
Invoked RoslynAnalysisRunner static constructor.
RoslynAnalysisRunner will not be running.
RoslynAnalysisRunner has terminated.
Mono: successfully reloaded assembly
- Completed reload, in  1.071 seconds
Platform modules already initialized, skipping
Registering precompiled user dll's ...
Registered in 0.001393 seconds.
Begin MonoManager ReloadAssembly
Native extension for WindowsStandalone target not found
Refreshing native plugins compatible for Editor in 0.35 ms, found 0 plugins.
Preloading 0 native plugins for Editor in 0.00 ms.
Invoked RoslynAnalysisRunner static constructor.
RoslynAnalysisRunner will not be running.
RoslynAnalysisRunner has terminated.
Mono: successfully reloaded assembly
- Completed reload, in  0.870 seconds
Platform modules already initialized, skipping
========================================================================
Worker process is ready to serve import requests
Launched and connected shader compiler UnityShaderCompiler.exe after 0.05 seconds
Refreshing native plugins compatible for Editor in 0.34 ms, found 0 plugins.
Preloading 0 native plugins for Editor in 0.00 ms.
Unloading 1770 Unused Serialized files (Serialized files now loaded: 0)
System memory in use before: 156.0 MB.
System memory in use after: 156.0 MB.

Unloading 74 unused Assets to reduce memory usage. Loaded Objects now: 2211.
Total: 2.364400 ms (FindLiveObjects: 0.242200 ms CreateObjectMapping: 0.184100 ms MarkObjects: 1.773600 ms  DeleteObjects: 0.163100 ms)

========================================================================
Received Import Request.
  path: Assets/FPS/Prefabs/RootObjects/Altar.mtl
  artifactKey: Guid(ffbd29ad2bba3994a866553cda74f5f5) Importer(815301076,1909f56bfc062723c751e8b465ee728b)
Start importing Assets/FPS/Prefabs/RootObjects/Altar.mtl using Guid(ffbd29ad2bba3994a866553cda74f5f5) Importer(815301076,1909f56bfc062723c751e8b465ee728b)  -> (artifact id: 'd392438ea3d8596f574d82355713c460') in 0.042418 seconds
  Import took 0.045583 seconds .

========================================================================
Received Import Request.
  Time since last request: 6.989867 seconds.
  path: Assets/FPS/Prefabs/RootObjects/Wall_1m.mtl
  artifactKey: Guid(9ccd10e864b2df9419d09da7ed77f0c4) Importer(815301076,1909f56bfc062723c751e8b465ee728b)
Start importing Assets/FPS/Prefabs/RootObjects/Wall_1m.mtl using Guid(9ccd10e864b2df9419d09da7ed77f0c4) Importer(815301076,1909f56bfc062723c751e8b465ee728b)  -> (artifact id: '48d202d8850053c66b2ab992a9f83f0a') in 0.006230 seconds
  Import took 0.011119 seconds .

========================================================================
Received Import Request.
  Time since last request: 1108.052445 seconds.
  path: Assets/FPS/Custom/Button.prefab
  artifactKey: Guid(4464244e74328a04a991d4cc9e38ab9b) Importer(815301076,1909f56bfc062723c751e8b465ee728b)
Start importing Assets/FPS/Custom/Button.prefab using Guid(4464244e74328a04a991d4cc9e38ab9b) Importer(815301076,1909f56bfc062723c751e8b465ee728b)  -> (artifact id: 'edf50d4f153dcf3a26a2c4ca5d47f06f') in 0.108687 seconds
  Import took 0.114534 seconds .

========================================================================
Received Import Request.
  Time since last request: 26.107129 seconds.
  path: Assets/FPS/Custom/Materials
  artifactKey: Guid(9468d03d0e85972478d7a72b4b95ca5c) Importer(815301076,1909f56bfc062723c751e8b465ee728b)
Start importing Assets/FPS/Custom/Materials using Guid(9468d03d0e85972478d7a72b4b95ca5c) Importer(815301076,1909f56bfc062723c751e8b465ee728b)  -> (artifact id: 'c04a4255e3c64814c2d8c798852f0b30') in 0.006126 seconds
  Import took 0.009678 seconds .

========================================================================
Received Import Request.
  Time since last request: 11.380294 seconds.
  path: Assets/FPS/Custom/Materials/M_Wall_1.mat
  artifactKey: Guid(fb5b868b789a85c419f6e64b41b4ee8b) Importer(815301076,1909f56bfc062723c751e8b465ee728b)
Start importing Assets/FPS/Custom/Materials/M_Wall_1.mat using Guid(fb5b868b789a85c419f6e64b41b4ee8b) Importer(815301076,1909f56bfc062723c751e8b465ee728b)  -> (artifact id: '3a713fdf609fb677108345c8f0e4f647') in 0.034103 seconds
  Import took 0.037850 seconds .

========================================================================
Received Import Request.
  Time since last request: 239.162825 seconds.
  path: Assets/FPS/Custom/Materials/M_Wall_1.mat
  artifactKey: Guid(fb5b868b789a85c419f6e64b41b4ee8b) Importer(815301076,1909f56bfc062723c751e8b465ee728b)
Start importing Assets/FPS/Custom/Materials/M_Wall_1.mat using Guid(fb5b868b789a85c419f6e64b41b4ee8b) Importer(815301076,1909f56bfc062723c751e8b465ee728b)  -> (artifact id: '6a711520db76f9b793e0d68a372d99d9') in 0.014890 seconds
  Import took 0.019524 seconds .

========================================================================
Received Import Request.
  Time since last request: 0.000230 seconds.
  path: Assets/FPS/Custom/Materials/M_Wall_2.mat
  artifactKey: Guid(e73980bf7009acc459f7504681bdfb15) Importer(815301076,1909f56bfc062723c751e8b465ee728b)
Start importing Assets/FPS/Custom/Materials/M_Wall_2.mat using Guid(e73980bf7009acc459f7504681bdfb15) Importer(815301076,1909f56bfc062723c751e8b465ee728b)  -> (artifact id: '7d3c52c636668a23187b47fe093c15ec') in 0.015050 seconds
  Import took 0.018802 seconds .

AssetImportWorkerClient::OnTransportError - code=2 error=End of file
